mktextfm ecrm1000
mktextfm ecrm1728
mktextfm ecrm1200
mktextfm ecrm1000
mktextfm ecrm1728
mktextfm ecrm1200
mktextfm ecrm1000
mktextfm ecrm1728
mktextfm ecrm1200
mktextfm ecrm1000
mktextfm ecrm1728
mktextfm ecrm1200
mktextfm ecrm1000
mktextfm ecrm1728
mktextfm ecrm1200
mktextfm ecrm1000
mktextfm ecrm1728
mktextfm ecrm1200
mktextfm ecrm1095
mktextfm ecss1095
mktextfm ecsx1095
mktextfm ecsx2074
mktextfm ecrm1440
mktextfm ecrm1000
mktextfm ecrm1728
mktextfm ecrm1200
mktextfm ecrm1000
mktextfm ecrm1728
mktextfm ecrm1200
mktextfm ecrm1000
mktextfm ecrm1728
mktextfm ecrm1200
mktextfm ecrm1000
mktextfm ecrm1728
mktextfm ecrm1200
mktextfm ecrm1000
mktextfm ecrm1728
mktextfm ecrm1200
mktextfm ecrm1000
mktextfm ecrm1728
mktextfm ecrm1200
mktextfm ecrm1000
mktextfm ecrm1728
mktextfm ecrm1200
mktextfm ecrm1000
mktextfm ecrm1728
mktextfm ecrm1200
mktextfm ecrm1000
mktextfm ecrm1728
mktextfm ecrm1200
mktextfm ecrm0900
mktextfm ecbx0900
mktextfm ecrm1440
mktextfm ecbx1440
mktextfm ecbx1200
mktextfm ecbx1000
mktextfm ecti1000
mktextfm ecrm1000
mktextfm ecrm1728
mktextfm ecrm1200
mktextfm ecrm0900
mktextfm ecbx0900
mktextfm ecrm1440
mktextfm ecbx1440
mktextfm ecbx1200
mktextfm ecbx1000
mktextfm ecti1000
mktextfm ecrm1000
mktextfm ecrm1728
mktextfm ecrm1200
mktextfm ecrm1000
mktextfm ecrm1728
mktextfm ecrm1200
mktextfm ecrm1000
mktextfm ecrm1728
mktextfm ecrm1200
mktextfm ecrm1000
mktextfm ecrm1728
mktextfm ecrm1200
mktextfm ecrm1000
mktextfm ecrm1728
mktextfm ecrm1200
mktextfm ecrm1000
mktextfm ecrm1728
mktextfm ecrm1200
mktextfm ecrm0900
mktextfm ecbx0900
mktextfm ecrm1440
mktextfm ecbx1440
mktextfm ecbx1200
mktextfm ecbx1000
mktextfm ecti1000
mktextfm ecrm1000
mktextfm ecrm1728
mktextfm ecrm1200
mktextfm ecrm0900
mktextfm ecbx0900
mktextfm ecrm1440
mktextfm ecbx1440
mktextfm ecbx1200
mktextfm ecbx1000
mktextfm ecti1000
mktextfm ecrm1000
mktextfm ecrm1728
mktextfm ecrm1200
mktextfm ecrm0900
mktextfm ecbx0900
mktextfm ecrm1440
mktextfm ecbx1440
mktextfm ecbx1200
mktextfm ecti1000
mktextfm ecbx1000
mktextfm ecrm0700
mktextfm ecrm0500
