This is pdfTeX, Version 3.1415926-2.5-1.40.14 (TeX Live 2013/Debian) (format=pdflatex 2017.8.30)  29 OCT 2017 22:35
entering extended mode
 \write18 enabled.
 %&-line parsing enabled.
**newpaper.tex
(./newpaper.tex
LaTeX2e <2011/06/27>
Babel <3.9h> and hyphenation patterns for 2 languages loaded.
(/usr/share/texlive/texmf-dist/tex/latex/base/article.cls
Document Class: article 2007/10/19 v1.4h Standard LaTeX document class
(/usr/share/texlive/texmf-dist/tex/latex/base/size10.clo
File: size10.clo 2007/10/19 v1.4h Standard LaTeX file (size option)
)
\c@part=\count79
\c@section=\count80
\c@subsection=\count81
\c@subsubsection=\count82
\c@paragraph=\count83
\c@subparagraph=\count84
\c@figure=\count85
\c@table=\count86
\abovecaptionskip=\skip41
\belowcaptionskip=\skip42
\bibindent=\dimen102
)
(/usr/share/texlive/texmf-dist/tex/latex/amsfonts/amsfonts.sty
Package: amsfonts 2013/01/14 v3.01 Basic AMSFonts support
\@emptytoks=\toks14
\symAMSa=\mathgroup4
\symAMSb=\mathgroup5
LaTeX Font Info:    Overwriting math alphabet `\mathfrak' in version `bold'
(Font)                  U/euf/m/n --> U/euf/b/n on input line 106.
)
(/usr/share/texlive/texmf-dist/tex/latex/amsmath/amsmath.sty
Package: amsmath 2013/01/14 v2.14 AMS math features
\@mathmargin=\skip43

For additional information on amsmath, use the `?' option.
(/usr/share/texlive/texmf-dist/tex/latex/amsmath/amstext.sty
Package: amstext 2000/06/29 v2.01

(/usr/share/texlive/texmf-dist/tex/latex/amsmath/amsgen.sty
File: amsgen.sty 1999/11/30 v2.0
\@emptytoks=\toks15
\ex@=\dimen103
))
(/usr/share/texlive/texmf-dist/tex/latex/amsmath/amsbsy.sty
Package: amsbsy 1999/11/29 v1.2d
\pmbraise@=\dimen104
)
(/usr/share/texlive/texmf-dist/tex/latex/amsmath/amsopn.sty
Package: amsopn 1999/12/14 v2.01 operator names
)
\inf@bad=\count87
LaTeX Info: Redefining \frac on input line 210.
\uproot@=\count88
\leftroot@=\count89
LaTeX Info: Redefining \overline on input line 306.
\classnum@=\count90
\DOTSCASE@=\count91
LaTeX Info: Redefining \ldots on input line 378.
LaTeX Info: Redefining \dots on input line 381.
LaTeX Info: Redefining \cdots on input line 466.
\Mathstrutbox@=\box26
\strutbox@=\box27
\big@size=\dimen105
LaTeX Font Info:    Redeclaring font encoding OML on input line 566.
LaTeX Font Info:    Redeclaring font encoding OMS on input line 567.
\macc@depth=\count92
\c@MaxMatrixCols=\count93
\dotsspace@=\muskip10
\c@parentequation=\count94
\dspbrk@lvl=\count95
\tag@help=\toks16
\row@=\count96
\column@=\count97
\maxfields@=\count98
\andhelp@=\toks17
\eqnshift@=\dimen106
\alignsep@=\dimen107
\tagshift@=\dimen108
\tagwidth@=\dimen109
\totwidth@=\dimen110
\lineht@=\dimen111
\@envbody=\toks18
\multlinegap=\skip44
\multlinetaggap=\skip45
\mathdisplay@stack=\toks19
LaTeX Info: Redefining \[ on input line 2665.
LaTeX Info: Redefining \] on input line 2666.
)
(/usr/share/texlive/texmf-dist/tex/latex/amsfonts/amssymb.sty
Package: amssymb 2013/01/14 v3.01 AMS font symbols
)
(/usr/share/texlive/texmf-dist/tex/latex/graphics/graphicx.sty
Package: graphicx 1999/02/16 v1.0f Enhanced LaTeX Graphics (DPC,SPQR)

(/usr/share/texlive/texmf-dist/tex/latex/graphics/keyval.sty
Package: keyval 1999/03/16 v1.13 key=value parser (DPC)
\KV@toks@=\toks20
)
(/usr/share/texlive/texmf-dist/tex/latex/graphics/graphics.sty
Package: graphics 2009/02/05 v1.0o Standard LaTeX Graphics (DPC,SPQR)

(/usr/share/texlive/texmf-dist/tex/latex/graphics/trig.sty
Package: trig 1999/03/16 v1.09 sin cos tan (DPC)
)
(/usr/share/texlive/texmf-dist/tex/latex/latexconfig/graphics.cfg
File: graphics.cfg 2010/04/23 v1.9 graphics configuration of TeX Live
)
Package graphics Info: Driver file: pdftex.def on input line 91.

(/usr/share/texlive/texmf-dist/tex/latex/pdftex-def/pdftex.def
File: pdftex.def 2011/05/27 v0.06d Graphics/color for pdfTeX

(/usr/share/texlive/texmf-dist/tex/generic/oberdiek/infwarerr.sty
Package: infwarerr 2010/04/08 v1.3 Providing info/warning/error messages (HO)
)
(/usr/share/texlive/texmf-dist/tex/generic/oberdiek/ltxcmds.sty
Package: ltxcmds 2011/11/09 v1.22 LaTeX kernel commands for general use (HO)
)
\Gread@gobject=\count99
))
\Gin@req@height=\dimen112
\Gin@req@width=\dimen113
)
(/usr/share/texlive/texmf-dist/tex/latex/amscls/amsthm.sty
Package: amsthm 2004/08/06 v2.20
\thm@style=\toks21
\thm@bodyfont=\toks22
\thm@headfont=\toks23
\thm@notefont=\toks24
\thm@headpunct=\toks25
\thm@preskip=\skip46
\thm@postskip=\skip47
\thm@headsep=\skip48
\dth@everypar=\toks26
)
(/usr/share/texlive/texmf-dist/tex/latex/svg/svg.sty
Package: svg 2012/09/05 v1.0 SVG inclusion and extraction

(/usr/share/texlive/texmf-dist/tex/latex/xkeyval/xkeyval.sty
Package: xkeyval 2012/10/14 v2.6b package option processing (HA)

(/usr/share/texlive/texmf-dist/tex/generic/xkeyval/xkeyval.tex
\XKV@toks=\toks27
\XKV@tempa@toks=\toks28
\XKV@depth=\count100
File: xkeyval.tex 2012/10/14 v2.6b key=value parser (HA)
))
(/usr/share/texlive/texmf-dist/tex/latex/subfig/subfig.sty
Package: subfig 2005/06/28 ver: 1.3 subfig package

(/usr/share/texlive/texmf-dist/tex/latex/caption/caption.sty
Package: caption 2013/05/02 v3.3-89 Customizing captions (AR)

(/usr/share/texlive/texmf-dist/tex/latex/caption/caption3.sty
Package: caption3 2013/05/02 v1.6-88 caption3 kernel (AR)
Package caption3 Info: TeX engine: e-TeX on input line 57.
\captionmargin=\dimen114
\captionmargin@=\dimen115
\captionwidth=\dimen116
\caption@tempdima=\dimen117
\caption@indent=\dimen118
\caption@parindent=\dimen119
\caption@hangindent=\dimen120
)
\c@ContinuedFloat=\count101
)
\c@KVtest=\count102
\sf@farskip=\skip49
\sf@captopadj=\dimen121
\sf@capskip=\skip50
\sf@nearskip=\skip51
\c@subfigure=\count103
\c@subfigure@save=\count104
\c@lofdepth=\count105
\c@subtable=\count106
\c@subtable@save=\count107
\c@lotdepth=\count108
\sf@top=\skip52
\sf@bottom=\skip53
)
(/usr/share/texlive/texmf-dist/tex/latex/import/import.sty
Package: import 2009/03/23  v 5.1
)
(/usr/share/texlive/texmf-dist/tex/latex/oberdiek/transparent.sty
Package: transparent 2007/01/08 v1.0 Transparency via pdfTeX's color stack (HO)


(/usr/share/texlive/texmf-dist/tex/generic/oberdiek/ifpdf.sty
Package: ifpdf 2011/01/30 v2.3 Provides the ifpdf switch (HO)
Package ifpdf Info: pdfTeX in PDF mode is detected.
)
(/usr/share/texlive/texmf-dist/tex/latex/oberdiek/auxhook.sty
Package: auxhook 2011/03/04 v1.3 Hooks for auxiliary files (HO)
))
(/usr/share/texmf/tex/latex/xcolor/xcolor.sty
Package: xcolor 2007/01/21 v2.11 LaTeX color extensions (UK)

(/usr/share/texlive/texmf-dist/tex/latex/latexconfig/color.cfg
File: color.cfg 2007/01/18 v1.5 color configuration of teTeX/TeXLive
)
Package xcolor Info: Driver file: pdftex.def on input line 225.
Package xcolor Info: Model `cmy' substituted by `cmy0' on input line 1337.
Package xcolor Info: Model `hsb' substituted by `rgb' on input line 1341.
Package xcolor Info: Model `RGB' extended on input line 1353.
Package xcolor Info: Model `HTML' substituted by `rgb' on input line 1355.
Package xcolor Info: Model `Hsb' substituted by `hsb' on input line 1356.
Package xcolor Info: Model `tHsb' substituted by `hsb' on input line 1357.
Package xcolor Info: Model `HSB' substituted by `hsb' on input line 1358.
Package xcolor Info: Model `Gray' substituted by `gray' on input line 1359.
Package xcolor Info: Model `wave' substituted by `hsb' on input line 1360.
)
\SVG@out@width=\skip54
\SVG@out@height=\skip55
\c@svgfigure=\count109
)
(/usr/share/texlive/texmf-dist/tex/latex/enumitem/enumitem.sty
Package: enumitem 2011/09/28 v3.5.2 Customized lists
\labelindent=\skip56
\enit@outerparindent=\dimen122
\enit@toks=\toks29
\enit@inbox=\box28
\enitdp@description=\count110
)
(/usr/share/texlive/texmf-dist/tex/latex/float/float.sty
Package: float 2001/11/08 v1.3d Float enhancements (AL)
\c@float@type=\count111
\float@exts=\toks30
\float@box=\box29
\@float@everytoks=\toks31
\@floatcapt=\box30
)
(/usr/share/texlive/texmf-dist/tex/latex/base/inputenc.sty
Package: inputenc 2008/03/30 v1.1d Input encoding file
\inpenc@prehook=\toks32
\inpenc@posthook=\toks33

(/usr/share/texlive/texmf-dist/tex/latex/base/utf8.def
File: utf8.def 2008/04/05 v1.1m UTF-8 support for inputenc
Now handling font encoding OML ...
... no UTF-8 mapping file for font encoding OML
Now handling font encoding T1 ...
... processing UTF-8 mapping file for font encoding T1

(/usr/share/texlive/texmf-dist/tex/latex/base/t1enc.dfu
File: t1enc.dfu 2008/04/05 v1.1m UTF-8 support for inputenc
   defining Unicode char U+00A1 (decimal 161)
   defining Unicode char U+00A3 (decimal 163)
   defining Unicode char U+00AB (decimal 171)
   defining Unicode char U+00BB (decimal 187)
   defining Unicode char U+00BF (decimal 191)
   defining Unicode char U+00C0 (decimal 192)
   defining Unicode char U+00C1 (decimal 193)
   defining Unicode char U+00C2 (decimal 194)
   defining Unicode char U+00C3 (decimal 195)
   defining Unicode char U+00C4 (decimal 196)
   defining Unicode char U+00C5 (decimal 197)
   defining Unicode char U+00C6 (decimal 198)
   defining Unicode char U+00C7 (decimal 199)
   defining Unicode char U+00C8 (decimal 200)
   defining Unicode char U+00C9 (decimal 201)
   defining Unicode char U+00CA (decimal 202)
   defining Unicode char U+00CB (decimal 203)
   defining Unicode char U+00CC (decimal 204)
   defining Unicode char U+00CD (decimal 205)
   defining Unicode char U+00CE (decimal 206)
   defining Unicode char U+00CF (decimal 207)
   defining Unicode char U+00D0 (decimal 208)
   defining Unicode char U+00D1 (decimal 209)
   defining Unicode char U+00D2 (decimal 210)
   defining Unicode char U+00D3 (decimal 211)
   defining Unicode char U+00D4 (decimal 212)
   defining Unicode char U+00D5 (decimal 213)
   defining Unicode char U+00D6 (decimal 214)
   defining Unicode char U+00D8 (decimal 216)
   defining Unicode char U+00D9 (decimal 217)
   defining Unicode char U+00DA (decimal 218)
   defining Unicode char U+00DB (decimal 219)
   defining Unicode char U+00DC (decimal 220)
   defining Unicode char U+00DD (decimal 221)
   defining Unicode char U+00DE (decimal 222)
   defining Unicode char U+00DF (decimal 223)
   defining Unicode char U+00E0 (decimal 224)
   defining Unicode char U+00E1 (decimal 225)
   defining Unicode char U+00E2 (decimal 226)
   defining Unicode char U+00E3 (decimal 227)
   defining Unicode char U+00E4 (decimal 228)
   defining Unicode char U+00E5 (decimal 229)
   defining Unicode char U+00E6 (decimal 230)
   defining Unicode char U+00E7 (decimal 231)
   defining Unicode char U+00E8 (decimal 232)
   defining Unicode char U+00E9 (decimal 233)
   defining Unicode char U+00EA (decimal 234)
   defining Unicode char U+00EB (decimal 235)
   defining Unicode char U+00EC (decimal 236)
   defining Unicode char U+00ED (decimal 237)
   defining Unicode char U+00EE (decimal 238)
   defining Unicode char U+00EF (decimal 239)
   defining Unicode char U+00F0 (decimal 240)
   defining Unicode char U+00F1 (decimal 241)
   defining Unicode char U+00F2 (decimal 242)
   defining Unicode char U+00F3 (decimal 243)
   defining Unicode char U+00F4 (decimal 244)
   defining Unicode char U+00F5 (decimal 245)
   defining Unicode char U+00F6 (decimal 246)
   defining Unicode char U+00F8 (decimal 248)
   defining Unicode char U+00F9 (decimal 249)
   defining Unicode char U+00FA (decimal 250)
   defining Unicode char U+00FB (decimal 251)
   defining Unicode char U+00FC (decimal 252)
   defining Unicode char U+00FD (decimal 253)
   defining Unicode char U+00FE (decimal 254)
   defining Unicode char U+00FF (decimal 255)
   defining Unicode char U+0102 (decimal 258)
   defining Unicode char U+0103 (decimal 259)
   defining Unicode char U+0104 (decimal 260)
   defining Unicode char U+0105 (decimal 261)
   defining Unicode char U+0106 (decimal 262)
   defining Unicode char U+0107 (decimal 263)
   defining Unicode char U+010C (decimal 268)
   defining Unicode char U+010D (decimal 269)
   defining Unicode char U+010E (decimal 270)
   defining Unicode char U+010F (decimal 271)
   defining Unicode char U+0110 (decimal 272)
   defining Unicode char U+0111 (decimal 273)
   defining Unicode char U+0118 (decimal 280)
   defining Unicode char U+0119 (decimal 281)
   defining Unicode char U+011A (decimal 282)
   defining Unicode char U+011B (decimal 283)
   defining Unicode char U+011E (decimal 286)
   defining Unicode char U+011F (decimal 287)
   defining Unicode char U+0130 (decimal 304)
   defining Unicode char U+0131 (decimal 305)
   defining Unicode char U+0132 (decimal 306)
   defining Unicode char U+0133 (decimal 307)
   defining Unicode char U+0139 (decimal 313)
   defining Unicode char U+013A (decimal 314)
   defining Unicode char U+013D (decimal 317)
   defining Unicode char U+013E (decimal 318)
   defining Unicode char U+0141 (decimal 321)
   defining Unicode char U+0142 (decimal 322)
   defining Unicode char U+0143 (decimal 323)
   defining Unicode char U+0144 (decimal 324)
   defining Unicode char U+0147 (decimal 327)
   defining Unicode char U+0148 (decimal 328)
   defining Unicode char U+014A (decimal 330)
   defining Unicode char U+014B (decimal 331)
   defining Unicode char U+0150 (decimal 336)
   defining Unicode char U+0151 (decimal 337)
   defining Unicode char U+0152 (decimal 338)
   defining Unicode char U+0153 (decimal 339)
   defining Unicode char U+0154 (decimal 340)
   defining Unicode char U+0155 (decimal 341)
   defining Unicode char U+0158 (decimal 344)
   defining Unicode char U+0159 (decimal 345)
   defining Unicode char U+015A (decimal 346)
   defining Unicode char U+015B (decimal 347)
   defining Unicode char U+015E (decimal 350)
   defining Unicode char U+015F (decimal 351)
   defining Unicode char U+0160 (decimal 352)
   defining Unicode char U+0161 (decimal 353)
   defining Unicode char U+0162 (decimal 354)
   defining Unicode char U+0163 (decimal 355)
   defining Unicode char U+0164 (decimal 356)
   defining Unicode char U+0165 (decimal 357)
   defining Unicode char U+016E (decimal 366)
   defining Unicode char U+016F (decimal 367)
   defining Unicode char U+0170 (decimal 368)
   defining Unicode char U+0171 (decimal 369)
   defining Unicode char U+0178 (decimal 376)
   defining Unicode char U+0179 (decimal 377)
   defining Unicode char U+017A (decimal 378)
   defining Unicode char U+017B (decimal 379)
   defining Unicode char U+017C (decimal 380)
   defining Unicode char U+017D (decimal 381)
   defining Unicode char U+017E (decimal 382)
   defining Unicode char U+200C (decimal 8204)
   defining Unicode char U+2013 (decimal 8211)
   defining Unicode char U+2014 (decimal 8212)
   defining Unicode char U+2018 (decimal 8216)
   defining Unicode char U+2019 (decimal 8217)
   defining Unicode char U+201A (decimal 8218)
   defining Unicode char U+201C (decimal 8220)
   defining Unicode char U+201D (decimal 8221)
   defining Unicode char U+201E (decimal 8222)
   defining Unicode char U+2030 (decimal 8240)
   defining Unicode char U+2031 (decimal 8241)
   defining Unicode char U+2039 (decimal 8249)
   defining Unicode char U+203A (decimal 8250)
   defining Unicode char U+2423 (decimal 9251)
)
Now handling font encoding OT1 ...
... processing UTF-8 mapping file for font encoding OT1

(/usr/share/texlive/texmf-dist/tex/latex/base/ot1enc.dfu
File: ot1enc.dfu 2008/04/05 v1.1m UTF-8 support for inputenc
   defining Unicode char U+00A1 (decimal 161)
   defining Unicode char U+00A3 (decimal 163)
   defining Unicode char U+00B8 (decimal 184)
   defining Unicode char U+00BF (decimal 191)
   defining Unicode char U+00C5 (decimal 197)
   defining Unicode char U+00C6 (decimal 198)
   defining Unicode char U+00D8 (decimal 216)
   defining Unicode char U+00DF (decimal 223)
   defining Unicode char U+00E6 (decimal 230)
   defining Unicode char U+00EC (decimal 236)
   defining Unicode char U+00ED (decimal 237)
   defining Unicode char U+00EE (decimal 238)
   defining Unicode char U+00EF (decimal 239)
   defining Unicode char U+00F8 (decimal 248)
   defining Unicode char U+0131 (decimal 305)
   defining Unicode char U+0141 (decimal 321)
   defining Unicode char U+0142 (decimal 322)
   defining Unicode char U+0152 (decimal 338)
   defining Unicode char U+0153 (decimal 339)
   defining Unicode char U+2013 (decimal 8211)
   defining Unicode char U+2014 (decimal 8212)
   defining Unicode char U+2018 (decimal 8216)
   defining Unicode char U+2019 (decimal 8217)
   defining Unicode char U+201C (decimal 8220)
   defining Unicode char U+201D (decimal 8221)
)
Now handling font encoding OMS ...
... processing UTF-8 mapping file for font encoding OMS

(/usr/share/texlive/texmf-dist/tex/latex/base/omsenc.dfu
File: omsenc.dfu 2008/04/05 v1.1m UTF-8 support for inputenc
   defining Unicode char U+00A7 (decimal 167)
   defining Unicode char U+00B6 (decimal 182)
   defining Unicode char U+00B7 (decimal 183)
   defining Unicode char U+2020 (decimal 8224)
   defining Unicode char U+2021 (decimal 8225)
   defining Unicode char U+2022 (decimal 8226)
)
Now handling font encoding OMX ...
... no UTF-8 mapping file for font encoding OMX
Now handling font encoding U ...
... no UTF-8 mapping file for font encoding U
   defining Unicode char U+00A9 (decimal 169)
   defining Unicode char U+00AA (decimal 170)
   defining Unicode char U+00AE (decimal 174)
   defining Unicode char U+00BA (decimal 186)
   defining Unicode char U+02C6 (decimal 710)
   defining Unicode char U+02DC (decimal 732)
   defining Unicode char U+200C (decimal 8204)
   defining Unicode char U+2026 (decimal 8230)
   defining Unicode char U+2122 (decimal 8482)
   defining Unicode char U+2423 (decimal 9251)
))
(/usr/share/texlive/texmf-dist/tex/latex/wrapfig/wrapfig.sty
\wrapoverhang=\dimen123
\WF@size=\dimen124
\c@WF@wrappedlines=\count112
\WF@box=\box31
\WF@everypar=\toks34
Package: wrapfig 2003/01/31  v 3.6
) (./newpaper.aux

LaTeX Warning: Label `fig:utilda0' multiply defined.


LaTeX Warning: Label `fig:homology' multiply defined.

)
\openout1 = `newpaper.aux'.

LaTeX Font Info:    Checking defaults for OML/cmm/m/it on input line 50.
LaTeX Font Info:    ... okay on input line 50.
LaTeX Font Info:    Checking defaults for T1/cmr/m/n on input line 50.
LaTeX Font Info:    ... okay on input line 50.
LaTeX Font Info:    Checking defaults for OT1/cmr/m/n on input line 50.
LaTeX Font Info:    ... okay on input line 50.
LaTeX Font Info:    Checking defaults for OMS/cmsy/m/n on input line 50.
LaTeX Font Info:    ... okay on input line 50.
LaTeX Font Info:    Checking defaults for OMX/cmex/m/n on input line 50.
LaTeX Font Info:    ... okay on input line 50.
LaTeX Font Info:    Checking defaults for U/cmr/m/n on input line 50.
LaTeX Font Info:    ... okay on input line 50.
 (/usr/share/texlive/texmf-dist/tex/context/base/supp-pdf.mkii
[Loading MPS to PDF converter (version 2006.09.02).]
\scratchcounter=\count113
\scratchdimen=\dimen125
\scratchbox=\box32
\nofMPsegments=\count114
\nofMParguments=\count115
\everyMPshowfont=\toks35
\MPscratchCnt=\count116
\MPscratchDim=\dimen126
\MPnumerator=\count117
\makeMPintoPDFobject=\count118
\everyMPtoPDFconversion=\toks36
) (/usr/share/texlive/texmf-dist/tex/generic/oberdiek/pdftexcmds.sty
Package: pdftexcmds 2011/11/29 v0.20 Utility functions of pdfTeX for LuaTeX (HO
)

(/usr/share/texlive/texmf-dist/tex/generic/oberdiek/ifluatex.sty
Package: ifluatex 2010/03/01 v1.3 Provides the ifluatex switch (HO)
Package ifluatex Info: LuaTeX not detected.
)
Package pdftexcmds Info: LuaTeX not detected.
Package pdftexcmds Info: \pdf@primitive is available.
Package pdftexcmds Info: \pdf@ifprimitive is available.
Package pdftexcmds Info: \pdfdraftmode found.
)
(/usr/share/texlive/texmf-dist/tex/latex/oberdiek/epstopdf-base.sty
Package: epstopdf-base 2010/02/09 v2.5 Base part for package epstopdf

(/usr/share/texlive/texmf-dist/tex/latex/oberdiek/grfext.sty
Package: grfext 2010/08/19 v1.1 Manage graphics extensions (HO)

(/usr/share/texlive/texmf-dist/tex/generic/oberdiek/kvdefinekeys.sty
Package: kvdefinekeys 2011/04/07 v1.3 Define keys (HO)
))
(/usr/share/texlive/texmf-dist/tex/latex/oberdiek/kvoptions.sty
Package: kvoptions 2011/06/30 v3.11 Key value format for package options (HO)

(/usr/share/texlive/texmf-dist/tex/generic/oberdiek/kvsetkeys.sty
Package: kvsetkeys 2012/04/25 v1.16 Key value parser (HO)

(/usr/share/texlive/texmf-dist/tex/generic/oberdiek/etexcmds.sty
Package: etexcmds 2011/02/16 v1.5 Avoid name clashes with e-TeX commands (HO)
Package etexcmds Info: Could not find \expanded.
(etexcmds)             That can mean that you are not using pdfTeX 1.50 or
(etexcmds)             that some package has redefined \expanded.
(etexcmds)             In the latter case, load this package earlier.
)))
Package grfext Info: Graphics extension search list:
(grfext)             [.png,.pdf,.jpg,.mps,.jpeg,.jbig2,.jb2,.PNG,.PDF,.JPG,.JPE
G,.JBIG2,.JB2,.eps]
(grfext)             \AppendGraphicsExtensions on input line 452.

(/usr/share/texlive/texmf-dist/tex/latex/latexconfig/epstopdf-sys.cfg
File: epstopdf-sys.cfg 2010/07/13 v1.3 Configuration of (r)epstopdf for TeX Liv
e
))
Package caption Info: Begin \AtBeginDocument code.
Package caption Info: subfig package v1.3 is loaded.
Package caption Info: float package is loaded.
Package caption Info: wrapfig package is loaded.
Package caption Info: End \AtBeginDocument code.
\c@thm=\count119
\c@Def=\count120
\c@lem=\count121
\c@cor=\count122
LaTeX Font Info:    Try loading font information for U+msa on input line 72.

(/usr/share/texlive/texmf-dist/tex/latex/amsfonts/umsa.fd
File: umsa.fd 2013/01/14 v3.01 AMS symbols A
)
LaTeX Font Info:    Try loading font information for U+msb on input line 72.

(/usr/share/texlive/texmf-dist/tex/latex/amsfonts/umsb.fd
File: umsb.fd 2013/01/14 v3.01 AMS symbols B
)
<./images/cubesxyzpaths2.pdf, id=1, 302.19023pt x 278.84383pt>
File: ./images/cubesxyzpaths2.pdf Graphic file (type pdf)

<use ./images/cubesxyzpaths2.pdf>
Package pdftex.def Info: ./images/cubesxyzpaths2.pdf used on input line 84.
(pdftex.def)             Requested size: 158.99377pt x 146.71005pt.
 (./images/cubesxyzpaths2.pdf_tex
File: ./images/cubesxyzpaths2.pdf Graphic file (type pdf)

<use ./images/cubesxyzpaths2.pdf>
Package pdftex.def Info: ./images/cubesxyzpaths2.pdf used on input line 52.
(pdftex.def)             Requested size: 158.99377pt x 146.71005pt.
) [1

{/var/lib/texmf/fonts/map/pdftex/updmap/pdftex.map} <./images/cubesxyzpaths2.pd
f>]

LaTeX Warning: Citation `Robotics' on page 2 undefined on input line 93.


LaTeX Warning: Citation `Flueck' on page 2 undefined on input line 93.


Package caption Warning: \label without proper \caption on input line 85.
See the caption package documentation for explanation.


LaTeX Warning: Reference `fig:front' on page 2 undefined on input line 95.

<images/escher.jpg, id=18, 453.695pt x 301.125pt>
File: images/escher.jpg Graphic file (type jpg)
 <use images/escher.jpg>
Package pdftex.def Info: images/escher.jpg used on input line 99.
(pdftex.def)             Requested size: 181.47478pt x 120.44786pt.

<images/escher2.jpg, id=19, 258.9675pt x 217.5628pt>
File: images/escher2.jpg Graphic file (type jpg)
 <use images/escher2.jpg>
Package pdftex.def Info: images/escher2.jpg used on input line 100.
(pdftex.def)             Requested size: 142.43254pt x 119.65991pt.


Package caption Warning: \label without proper \caption on input line 85.
See the caption package documentation for explanation.


LaTeX Warning: Reference `fig:front' on page 2 undefined on input line 113.

[2 <./images/escher.jpg> <./images/escher2.jpg>]
<./images/vectorplane.pdf, id=26, 104.56337pt x 103.64816pt>
File: ./images/vectorplane.pdf Graphic file (type pdf)

<use ./images/vectorplane.pdf>
Package pdftex.def Info: ./images/vectorplane.pdf used on input line 116.
(pdftex.def)             Requested size: 104.5631pt x 103.6479pt.
File: ./images/vectorplane.pdf Graphic file (type pdf)
 <use ./images/vectorplane.pdf>
Package pdftex.def Info: ./images/vectorplane.pdf used on input line 116.
(pdftex.def)             Requested size: 104.5631pt x 103.6479pt.

(./images/vectorplane.pdf_tex
File: ./images/vectorplane.pdf Graphic file (type pdf)
 <use ./images/vectorplane.pdf>
Package pdftex.def Info: ./images/vectorplane.pdf used on input line 52.
(pdftex.def)             Requested size: 104.5631pt x 103.6479pt.
)
Underfull \hbox (badness 10000) in paragraph at lines 118--121

 []


Underfull \hbox (badness 10000) in paragraph at lines 139--142

 []

[3 <./images/vectorplane.pdf>] [4]
<./images/neckercube.pdf, id=55, 163.80757pt x 138.70296pt>
File: ./images/neckercube.pdf Graphic file (type pdf)

<use ./images/neckercube.pdf>
Package pdftex.def Info: ./images/neckercube.pdf used on input line 149.
(pdftex.def)             Requested size: 144.54pt x 122.39548pt.
 (./images/neckercube.pdf_tex
File: ./images/neckercube.pdf Graphic file (type pdf)

<use ./images/neckercube.pdf>
Package pdftex.def Info: ./images/neckercube.pdf used on input line 52.
(pdftex.def)             Requested size: 144.54pt x 122.39548pt.
) <images/label.png, id=56, 61.028pt x 69.861pt>
File: images/label.png Graphic file (type png)

<use images/label.png>
Package pdftex.def Info: images/label.png used on input line 169.
(pdftex.def)             Requested size: 61.02785pt x 69.86081pt.
 [5 <./images/neckercube.pdf> <./images/label.png>]
<./images/cubesxyzcut.pdf, id=65, 302.19023pt x 488.36334pt>
File: ./images/cubesxyzcut.pdf Graphic file (type pdf)

<use ./images/cubesxyzcut.pdf>
Package pdftex.def Info: ./images/cubesxyzcut.pdf used on input line 176.
(pdftex.def)             Requested size: 72.26999pt x 116.79228pt.
 (./images/cubesxyzcut.pdf_tex
File: ./images/cubesxyzcut.pdf Graphic file (type pdf)

<use ./images/cubesxyzcut.pdf>
Package pdftex.def Info: ./images/cubesxyzcut.pdf used on input line 52.
(pdftex.def)             Requested size: 72.26999pt x 116.79228pt.
)
Overfull \hbox (40.71513pt too wide) detected at line 254
\OT1/cmr/m/n/10 	 [] = []
 []

File: ./images/cubesxyzcut.pdf Graphic file (type pdf)
<use ./images/cubesxyzcut.pdf>
Package pdftex.def Info: ./images/cubesxyzcut.pdf used on input line 259.
(pdftex.def)             Requested size: 79.49744pt x 128.46928pt.
 (./images/cubesxyzcut.pdf_tex
File: ./images/cubesxyzcut.pdf Graphic file (type pdf)

<use ./images/cubesxyzcut.pdf>
Package pdftex.def Info: ./images/cubesxyzcut.pdf used on input line 52.
(pdftex.def)             Requested size: 79.49744pt x 128.46928pt.
)
<./images/unfoldcut.pdf, id=66, 387.4033pt x 387.4033pt>
File: ./images/unfoldcut.pdf Graphic file (type pdf)

<use ./images/unfoldcut.pdf>
Package pdftex.def Info: ./images/unfoldcut.pdf used on input line 260.
(pdftex.def)             Requested size: 108.405pt x 108.40125pt.
 (./images/unfoldcut.pdf_tex
File: ./images/unfoldcut.pdf Graphic file (type pdf)

<use ./images/unfoldcut.pdf>
Package pdftex.def Info: ./images/unfoldcut.pdf used on input line 52.
(pdftex.def)             Requested size: 108.405pt x 108.40125pt.
) [6 <./images/cubesxyzcut.pdf>]
<./images/LTorus.pdf, id=72, 437.96436pt x 229.19131pt>
File: ./images/LTorus.pdf Graphic file (type pdf)

<use ./images/LTorus.pdf>
Package pdftex.def Info: ./images/LTorus.pdf used on input line 276.
(pdftex.def)             Requested size: 216.81pt x 113.45879pt.
 (./images/LTorus.pdf_tex
File: ./images/LTorus.pdf Graphic file (type pdf)
 <use ./images/LTorus.pdf>
Package pdftex.def Info: ./images/LTorus.pdf used on input line 52.
(pdftex.def)             Requested size: 216.81pt x 113.45879pt.
)
Underfull \hbox (badness 10000) in paragraph at lines 273--277

 []

<./images/BranchTorus.pdf, id=73, 212.53172pt x 217.14308pt>
File: ./images/BranchTorus.pdf Graphic file (type pdf)

<use ./images/BranchTorus.pdf>
Package pdftex.def Info: ./images/BranchTorus.pdf used on input line 281.
(pdftex.def)             Requested size: 144.54pt x 147.68515pt.
 (./images/BranchTorus.pdf_tex
File: ./images/BranchTorus.pdf Graphic file (type pdf)

<use ./images/BranchTorus.pdf>
Package pdftex.def Info: ./images/BranchTorus.pdf used on input line 52.
(pdftex.def)             Requested size: 144.54pt x 147.68515pt.
)
Underfull \hbox (badness 10000) in paragraph at lines 278--283

 []

[7 <./images/unfoldcut.pdf> <./images/LTorus.pdf

pdfTeX warning: pdflatex (file ./images/LTorus.pdf): PDF inclusion: multiple pd
fs with page group included in a single page
>] <images/monodromy.png, id=81, 340.18pt x 247.47pt>
File: images/monodromy.png Graphic file (type png)

<use images/monodromy.png>
Package pdftex.def Info: images/monodromy.png used on input line 303.
(pdftex.def)             Requested size: 180.67499pt x 131.4379pt.
 [8 <./images/BranchTorus.pdf>]
<images/monogroup.png, id=87, 428.06078pt x 430.84038pt>
File: images/monogroup.png Graphic file (type png)

<use images/monogroup.png>
Package pdftex.def Info: images/monogroup.png used on input line 323.
(pdftex.def)             Requested size: 216.81pt x 218.22021pt.
 [9 <./images/monodromy.png>]
<images/coverdirection.png, id=94, 844.65562pt x 838.84822pt>
File: images/coverdirection.png Graphic file (type png)

<use images/coverdirection.png>
Package pdftex.def Info: images/coverdirection.png used on input line 341.
(pdftex.def)             Requested size: 216.81pt x 215.31784pt.
 [10 <./images/monogroup.png>] [11 <./images/coverdirection.png>] <./images/upr
ime.pdf, id=103, 340.97833pt x 341.05757pt>
File: ./images/uprime.pdf Graphic file (type pdf)

<use ./images/uprime.pdf>
Package pdftex.def Info: ./images/uprime.pdf used on input line 353.
(pdftex.def)             Requested size: 144.54pt x 144.57544pt.
 (./images/uprime.pdf_tex
File: ./images/uprime.pdf Graphic file (type pdf)
 <use ./images/uprime.pdf>
Package pdftex.def Info: ./images/uprime.pdf used on input line 52.
(pdftex.def)             Requested size: 144.54pt x 144.57544pt.
)
[12 <./images/uprime.pdf>]
<./images/cubesxyzpaths.pdf, id=110, 302.19023pt x 487.23088pt>
File: ./images/cubesxyzpaths.pdf Graphic file (type pdf)

<use ./images/cubesxyzpaths.pdf>
Package pdftex.def Info: ./images/cubesxyzpaths.pdf used on input line 406.
(pdftex.def)             Requested size: 130.08621pt x 209.7431pt.
 (./images/cubesxyzpaths.pdf_tex
File: ./images/cubesxyzpaths.pdf Graphic file (type pdf)

<use ./images/cubesxyzpaths.pdf>
Package pdftex.def Info: ./images/cubesxyzpaths.pdf used on input line 52.
(pdftex.def)             Requested size: 130.08621pt x 209.7431pt.
)
<./images/unfoldcutpath.pdf, id=111, 432.85205pt x 390.31894pt>
File: ./images/unfoldcutpath.pdf Graphic file (type pdf)

<use ./images/unfoldcutpath.pdf>
Package pdftex.def Info: ./images/unfoldcutpath.pdf used on input line 407.
(pdftex.def)             Requested size: 202.35622pt x 182.47318pt.
 (./images/unfoldcutpath.pdf_tex
File: ./images/unfoldcutpath.pdf Graphic file (type pdf)

<use ./images/unfoldcutpath.pdf>
Package pdftex.def Info: ./images/unfoldcutpath.pdf used on input line 52.
(pdftex.def)             Requested size: 202.35622pt x 182.47318pt.
) [13 <./images/cubesxyzpaths.pdf> <./images/unfoldcutpath.pdf

pdfTeX warning: pdflatex (file ./images/unfoldcutpath.pdf): PDF inclusion: mult
iple pdfs with page group included in a single page
>] <images/closed2.png, id=120, 384.4764pt x 270.2898pt>
File: images/closed2.png Graphic file (type png)

<use images/closed2.png>
Package pdftex.def Info: images/closed2.png used on input line 435.
(pdftex.def)             Requested size: 289.07999pt x 203.22826pt.
 [14]
<./images/quotient.pdf, id=124, 159.0476pt x 158.2456pt>
File: ./images/quotient.pdf Graphic file (type pdf)

<use ./images/quotient.pdf>
Package pdftex.def Info: ./images/quotient.pdf used on input line 465.
(pdftex.def)             Requested size: 108.405pt x 107.85669pt.
 (./images/quotient.pdf_tex
File: ./images/quotient.pdf Graphic file (type pdf)

<use ./images/quotient.pdf>
Package pdftex.def Info: ./images/quotient.pdf used on input line 52.
(pdftex.def)             Requested size: 108.405pt x 107.85669pt.
) [15 <./images/closed2.png>]
<./images/utilda.pdf, id=130, 527.1409pt x 478.48244pt>
File: ./images/utilda.pdf Graphic file (type pdf)

<use ./images/utilda.pdf>
Package pdftex.def Info: ./images/utilda.pdf used on input line 477.
(pdftex.def)             Requested size: 289.07999pt x 262.39954pt.
 (./images/utilda.pdf_tex
File: ./images/utilda.pdf Graphic file (type pdf)
 <use ./images/utilda.pdf>
Package pdftex.def Info: ./images/utilda.pdf used on input line 52.
(pdftex.def)             Requested size: 289.07999pt x 262.39954pt.
)
[16 <./images/quotient.pdf> <./images/utilda.pdf

pdfTeX warning: pdflatex (file ./images/utilda.pdf): PDF inclusion: multiple pd
fs with page group included in a single page
>] <images/overlay.png, id=137, 386.17557pt x 386.17557pt>
File: images/overlay.png Graphic file (type png)

<use images/overlay.png>
Package pdftex.def Info: images/overlay.png used on input line 501.
(pdftex.def)             Requested size: 144.54pt x 144.53851pt.

<./images/mtilda.pdf, id=138, 518.01341pt x 478.30206pt>
File: ./images/mtilda.pdf Graphic file (type pdf)

<use ./images/mtilda.pdf>
Package pdftex.def Info: ./images/mtilda.pdf used on input line 523.
(pdftex.def)             Requested size: 187.90244pt x 173.495pt.
 (./images/mtilda.pdf_tex
File: ./images/mtilda.pdf Graphic file (type pdf)
 <use ./images/mtilda.pdf>
Package pdftex.def Info: ./images/mtilda.pdf used on input line 52.
(pdftex.def)             Requested size: 187.90244pt x 173.495pt.
)
[17 <./images/overlay.png>]
<./images/mtildastaircase.pdf, id=144, 570.7778pt x 489.59322pt>
File: ./images/mtildastaircase.pdf Graphic file (type pdf)

<use ./images/mtildastaircase.pdf>
Package pdftex.def Info: ./images/mtildastaircase.pdf used on input line 532.
(pdftex.def)             Requested size: 245.71754pt x 210.7675pt.
 (./images/mtildastaircase.pdf_tex
File: ./images/mtildastaircase.pdf Graphic file (type pdf)

<use ./images/mtildastaircase.pdf>
Package pdftex.def Info: ./images/mtildastaircase.pdf used on input line 52.
(pdftex.def)             Requested size: 245.71754pt x 210.7675pt.
) [18 <./images/mtilda.pdf>]
Overfull \hbox (0.34908pt too wide) in paragraph at lines 540--541
[]\OT1/cmr/bx/n/10 Definition 15. []\OT1/cmr/m/it/10 Al-ge-braic in-ter-sec-tio
n num-ber is a non-degenerate bi-lin-ear form: 
 []

<images/homologyclass.png, id=150, 781.2973pt x 722.7pt>
File: images/homologyclass.png Graphic file (type png)

<use images/homologyclass.png>
Package pdftex.def Info: images/homologyclass.png used on input line 548.
(pdftex.def)             Requested size: 216.81pt x 200.5461pt.
 [19 <./images/mtildastaircase.pdf>]
<./images/cylinderskew.pdf, id=157, 577.22302pt x 81.73499pt>
File: ./images/cylinderskew.pdf Graphic file (type pdf)

<use ./images/cylinderskew.pdf>
Package pdftex.def Info: ./images/cylinderskew.pdf used on input line 583.
(pdftex.def)             Requested size: 216.81pt x 30.70042pt.
 (./images/cylinderskew.pdf_tex
File: ./images/cylinderskew.pdf Graphic file (type pdf)

<use ./images/cylinderskew.pdf>
Package pdftex.def Info: ./images/cylinderskew.pdf used on input line 52.
(pdftex.def)             Requested size: 216.81pt x 30.70042pt.
) [20 <./images/homologyclass.png>]
Overfull \hbox (41.50502pt too wide) in paragraph at lines 591--601
\OT1/cmr/m/it/10 We de-fine the \OT1/cmr/bx/it/10 deriva-tives of $\OT1/cmr/bx/
n/10 A\OML/cmm/m/it/10 ; \OT1/cmr/bx/n/10 B$ \OT1/cmr/m/it/10 as the ma-tri-ces
 $\OML/cmm/m/it/10 D\OT1/cmr/m/n/10 (\OT1/cmr/bx/n/10 A\OT1/cmr/m/n/10 ) = \OT1
/cmr/bx/n/10 A[] \OT1/cmr/m/n/10 = [] []\OML/cmm/m/it/10 D\OT1/cmr/m/n/10 (\OT1
/cmr/bx/n/10 B\OT1/cmr/m/n/10 ) =
 []

<./images/skew.pdf, id=164, 425.9915pt x 345.6915pt>
File: ./images/skew.pdf Graphic file (type pdf)
 <use ./images/skew.pdf>
Package pdftex.def Info: ./images/skew.pdf used on input line 606.
(pdftex.def)             Requested size: 144.54pt x 117.29091pt.

(./images/skew.pdf_tex
File: ./images/skew.pdf Graphic file (type pdf)
 <use ./images/skew.pdf>
Package pdftex.def Info: ./images/skew.pdf used on input line 52.
(pdftex.def)             Requested size: 144.54pt x 117.29091pt.
) [21 <./images/cylinderskew.pdf> <./images/skew.pdf

pdfTeX warning: pdflatex (file ./images/skew.pdf): PDF inclusion: multiple pdfs
 with page group included in a single page
>]
Overfull \hbox (0.34908pt too wide) in paragraph at lines 635--636
[]\OT1/cmr/bx/n/10 Definition 22. []\OT1/cmr/m/it/10 Al-ge-braic in-ter-sec-tio
n num-ber is a non-degenerate bi-lin-ear form: 
 []


Underfull \hbox (badness 10000) in paragraph at lines 655--656

 []

[22] <./images/fourfold.pdf, id=174, 642.80153pt x 987.12968pt>
File: ./images/fourfold.pdf Graphic file (type pdf)

<use ./images/fourfold.pdf>
Package pdftex.def Info: ./images/fourfold.pdf used on input line 708.
(pdftex.def)             Requested size: 148.15372pt x 227.50198pt.
 (./images/fourfold.pdf_tex
File: ./images/fourfold.pdf Graphic file (type pdf)

<use ./images/fourfold.pdf>
Package pdftex.def Info: ./images/fourfold.pdf used on input line 52.
(pdftex.def)             Requested size: 148.15372pt x 227.50198pt.
)
<./images/fourfoldrotate.pdf, id=175, 642.48914pt x 987.99516pt>
File: ./images/fourfoldrotate.pdf Graphic file (type pdf)

<use ./images/fourfoldrotate.pdf>
Package pdftex.def Info: ./images/fourfoldrotate.pdf used on input line 708.
(pdftex.def)             Requested size: 148.15372pt x 227.82205pt.
 (./images/fourfoldrotate.pdf_tex
File: ./images/fourfoldrotate.pdf Graphic file (type pdf)

<use ./images/fourfoldrotate.pdf>
Package pdftex.def Info: ./images/fourfoldrotate.pdf used on input line 52.
(pdftex.def)             Requested size: 148.15372pt x 227.82205pt.
) [23]
File: ./images/utilda.pdf Graphic file (type pdf)
 <use ./images/utilda.pdf>
Package pdftex.def Info: ./images/utilda.pdf used on input line 714.
(pdftex.def)             Requested size: 227.65005pt x 206.64146pt.

(./images/utilda.pdf_tex
File: ./images/utilda.pdf Graphic file (type pdf)
 <use ./images/utilda.pdf>
Package pdftex.def Info: ./images/utilda.pdf used on input line 52.
(pdftex.def)             Requested size: 227.65005pt x 206.64146pt.
) [24 <./images/fourfold.pdf> <./images/fourfoldrotate.pdf

pdfTeX warning: pdflatex (file ./images/fourfoldrotate.pdf): PDF inclusion: mul
tiple pdfs with page group included in a single page
>] <./images/utildaprime.pdf, id=1375, 518.01341pt x 478.30206pt>
File: ./images/utildaprime.pdf Graphic file (type pdf)

<use ./images/utildaprime.pdf>
Package pdftex.def Info: ./images/utildaprime.pdf used on input line 721.
(pdftex.def)             Requested size: 227.65005pt x 210.1981pt.
 (./images/utildaprime.pdf_tex
File: ./images/utildaprime.pdf Graphic file (type pdf)

<use ./images/utildaprime.pdf>
Package pdftex.def Info: ./images/utildaprime.pdf used on input line 52.
(pdftex.def)             Requested size: 227.65005pt x 210.1981pt.
) [25 <./images/utildaprime.pdf>] [26]
File: images/homologyclass.png Graphic file (type png)

<use images/homologyclass.png>
Package pdftex.def Info: images/homologyclass.png used on input line 788.
(pdftex.def)             Requested size: 216.81pt x 200.5461pt.

<images/12gonHV.pdf, id=1385, 287.52876pt x 382.23053pt>
File: images/12gonHV.pdf Graphic file (type pdf)

<use images/12gonHV.pdf>
Package pdftex.def Info: images/12gonHV.pdf used on input line 814.
(pdftex.def)             Requested size: 122.85876pt x 163.3236pt.

Overfull \hbox (86.22116pt too wide) in paragraph at lines 806--817
[]$[]$ $[]$ 
 []

[27] [28 <./images/12gonHV.pdf>]
<./images/slopeonecylinder.pdf, id=1409, 1093.15898pt x 497.60907pt>
File: ./images/slopeonecylinder.pdf Graphic file (type pdf)

<use ./images/slopeonecylinder.pdf>
Package pdftex.def Info: ./images/slopeonecylinder.pdf used on input line 863.
(pdftex.def)             Requested size: 317.98755pt x 144.74332pt.
 (./images/slopeonecylinder.pdf_tex
File: ./images/slopeonecylinder.pdf Graphic file (type pdf)

<use ./images/slopeonecylinder.pdf>
Package pdftex.def Info: ./images/slopeonecylinder.pdf used on input line 52.
(pdftex.def)             Requested size: 317.98755pt x 144.74332pt.
) [29 <./images/slopeonecylinder.pdf>]
[30] [31] [32]
Overfull \hbox (31.19357pt too wide) in paragraph at lines 984--987
\OT1/cmr/m/it/10 Any geodesic, $\OML/cmm/m/it/10 ^^L$\OT1/cmr/m/it/10 , in $\OT
1/cmr/bx/n/10 M$ \OT1/cmr/m/it/10 lifts to a closed geodesic $[]$ on $[]$ if an
d only if $[]\OT1/cmr/m/n/10 (\OML/cmm/m/it/10 Arg\OT1/cmr/m/n/10 ([](\OML/cmm/
m/it/10 ^^L\OT1/cmr/m/n/10 ))) \OMS/cmsy/m/n/10 2
 []

[33] [34] [35] [36] [37] (./newpaper.aux)

LaTeX Warning: There were undefined references.


LaTeX Warning: There were multiply-defined labels.

 ) 
Here is how much of TeX's memory you used:
 5431 strings out of 495028
 77639 string characters out of 6181497
 153926 words of memory out of 5000000
 8459 multiletter control sequences out of 15000+600000
 17246 words of font info for 65 fonts, out of 8000000 for 9000
 14 hyphenation exceptions out of 8191
 68i,17n,98p,2433b,508s stack positions out of 5000i,500n,10000p,200000b,80000s
</usr/share/texlive/texmf-dist/fonts/type1/public/amsfonts/cm/cmbx10.pfb></us
r/share/texlive/texmf-dist/fonts/type1/public/amsfonts/cm/cmbx12.pfb></usr/shar
e/texlive/texmf-dist/fonts/type1/public/amsfonts/cm/cmbx7.pfb></usr/share/texli
ve/texmf-dist/fonts/type1/public/amsfonts/cm/cmbx9.pfb></usr/share/texlive/texm
f-dist/fonts/type1/public/amsfonts/cm/cmbxti10.pfb></usr/share/texlive/texmf-di
st/fonts/type1/public/amsfonts/cm/cmex10.pfb></usr/share/texlive/texmf-dist/fon
ts/type1/public/amsfonts/cm/cmmi10.pfb></usr/share/texlive/texmf-dist/fonts/typ
e1/public/amsfonts/cm/cmmi12.pfb></usr/share/texlive/texmf-dist/fonts/type1/pub
lic/amsfonts/cm/cmmi5.pfb></usr/share/texlive/texmf-dist/fonts/type1/public/ams
fonts/cm/cmmi7.pfb></usr/share/texlive/texmf-dist/fonts/type1/public/amsfonts/c
m/cmmi9.pfb></usr/share/texlive/texmf-dist/fonts/type1/public/amsfonts/cm/cmr10
.pfb></usr/share/texlive/texmf-dist/fonts/type1/public/amsfonts/cm/cmr12.pfb></
usr/share/texlive/texmf-dist/fonts/type1/public/amsfonts/cm/cmr17.pfb></usr/sha
re/texlive/texmf-dist/fonts/type1/public/amsfonts/cm/cmr5.pfb></usr/share/texli
ve/texmf-dist/fonts/type1/public/amsfonts/cm/cmr6.pfb></usr/share/texlive/texmf
-dist/fonts/type1/public/amsfonts/cm/cmr7.pfb></usr/share/texlive/texmf-dist/fo
nts/type1/public/amsfonts/cm/cmr8.pfb></usr/share/texlive/texmf-dist/fonts/type
1/public/amsfonts/cm/cmr9.pfb></usr/share/texlive/texmf-dist/fonts/type1/public
/amsfonts/cm/cmsy10.pfb></usr/share/texlive/texmf-dist/fonts/type1/public/amsfo
nts/cm/cmsy5.pfb></usr/share/texlive/texmf-dist/fonts/type1/public/amsfonts/cm/
cmsy7.pfb></usr/share/texlive/texmf-dist/fonts/type1/public/amsfonts/cm/cmsy8.p
fb></usr/share/texlive/texmf-dist/fonts/type1/public/amsfonts/cm/cmsy9.pfb></us
r/share/texlive/texmf-dist/fonts/type1/public/amsfonts/cm/cmti10.pfb></usr/shar
e/texlive/texmf-dist/fonts/type1/public/amsfonts/cm/cmti7.pfb></usr/share/texli
ve/texmf-dist/fonts/type1/public/amsfonts/symbols/msam10.pfb></usr/share/texliv
e/texmf-dist/fonts/type1/public/amsfonts/symbols/msbm10.pfb></usr/share/texlive
/texmf-dist/fonts/type1/public/amsfonts/symbols/msbm7.pfb>
Output written on newpaper.pdf (37 pages, 991164 bytes).
PDF statistics:
 1535 PDF objects out of 1728 (max. 8388607)
 902 compressed objects within 10 object streams
 0 named destinations out of 1000 (max. 500000)
 151 words of extra memory for PDF output out of 10000 (max. 10000000)

