This is pdfTeX, Version 3.1415926-2.5-1.40.14 (TeX Live 2013/Debian) (format=pdflatex 2016.12.9)  8 AUG 2017 20:11
entering extended mode
 \write18 enabled.
 %&-line parsing enabled.
**paper.tex
(./paper.tex
LaTeX2e <2011/06/27>
Babel <3.9h> and hyphenation patterns for 2 languages loaded.
(/usr/share/texlive/texmf-dist/tex/latex/base/article.cls
Document Class: article 2007/10/19 v1.4h Standard LaTeX document class
(/usr/share/texlive/texmf-dist/tex/latex/base/size10.clo
File: size10.clo 2007/10/19 v1.4h Standard LaTeX file (size option)
)
\c@part=\count79
\c@section=\count80
\c@subsection=\count81
\c@subsubsection=\count82
\c@paragraph=\count83
\c@subparagraph=\count84
\c@figure=\count85
\c@table=\count86
\abovecaptionskip=\skip41
\belowcaptionskip=\skip42
\bibindent=\dimen102
)
(/usr/share/texlive/texmf-dist/tex/latex/amsfonts/amsfonts.sty
Package: amsfonts 2013/01/14 v3.01 Basic AMSFonts support
\@emptytoks=\toks14
\symAMSa=\mathgroup4
\symAMSb=\mathgroup5
LaTeX Font Info:    Overwriting math alphabet `\mathfrak' in version `bold'
(Font)                  U/euf/m/n --> U/euf/b/n on input line 106.
)
(/usr/share/texlive/texmf-dist/tex/latex/amsmath/amsmath.sty
Package: amsmath 2013/01/14 v2.14 AMS math features
\@mathmargin=\skip43

For additional information on amsmath, use the `?' option.
(/usr/share/texlive/texmf-dist/tex/latex/amsmath/amstext.sty
Package: amstext 2000/06/29 v2.01

(/usr/share/texlive/texmf-dist/tex/latex/amsmath/amsgen.sty
File: amsgen.sty 1999/11/30 v2.0
\@emptytoks=\toks15
\ex@=\dimen103
))
(/usr/share/texlive/texmf-dist/tex/latex/amsmath/amsbsy.sty
Package: amsbsy 1999/11/29 v1.2d
\pmbraise@=\dimen104
)
(/usr/share/texlive/texmf-dist/tex/latex/amsmath/amsopn.sty
Package: amsopn 1999/12/14 v2.01 operator names
)
\inf@bad=\count87
LaTeX Info: Redefining \frac on input line 210.
\uproot@=\count88
\leftroot@=\count89
LaTeX Info: Redefining \overline on input line 306.
\classnum@=\count90
\DOTSCASE@=\count91
LaTeX Info: Redefining \ldots on input line 378.
LaTeX Info: Redefining \dots on input line 381.
LaTeX Info: Redefining \cdots on input line 466.
\Mathstrutbox@=\box26
\strutbox@=\box27
\big@size=\dimen105
LaTeX Font Info:    Redeclaring font encoding OML on input line 566.
LaTeX Font Info:    Redeclaring font encoding OMS on input line 567.
\macc@depth=\count92
\c@MaxMatrixCols=\count93
\dotsspace@=\muskip10
\c@parentequation=\count94
\dspbrk@lvl=\count95
\tag@help=\toks16
\row@=\count96
\column@=\count97
\maxfields@=\count98
\andhelp@=\toks17
\eqnshift@=\dimen106
\alignsep@=\dimen107
\tagshift@=\dimen108
\tagwidth@=\dimen109
\totwidth@=\dimen110
\lineht@=\dimen111
\@envbody=\toks18
\multlinegap=\skip44
\multlinetaggap=\skip45
\mathdisplay@stack=\toks19
LaTeX Info: Redefining \[ on input line 2665.
LaTeX Info: Redefining \] on input line 2666.
)
(/usr/share/texlive/texmf-dist/tex/latex/graphics/graphicx.sty
Package: graphicx 1999/02/16 v1.0f Enhanced LaTeX Graphics (DPC,SPQR)

(/usr/share/texlive/texmf-dist/tex/latex/graphics/keyval.sty
Package: keyval 1999/03/16 v1.13 key=value parser (DPC)
\KV@toks@=\toks20
)
(/usr/share/texlive/texmf-dist/tex/latex/graphics/graphics.sty
Package: graphics 2009/02/05 v1.0o Standard LaTeX Graphics (DPC,SPQR)

(/usr/share/texlive/texmf-dist/tex/latex/graphics/trig.sty
Package: trig 1999/03/16 v1.09 sin cos tan (DPC)
)
(/usr/share/texlive/texmf-dist/tex/latex/latexconfig/graphics.cfg
File: graphics.cfg 2010/04/23 v1.9 graphics configuration of TeX Live
)
Package graphics Info: Driver file: pdftex.def on input line 91.

(/usr/share/texlive/texmf-dist/tex/latex/pdftex-def/pdftex.def
File: pdftex.def 2011/05/27 v0.06d Graphics/color for pdfTeX

(/usr/share/texlive/texmf-dist/tex/generic/oberdiek/infwarerr.sty
Package: infwarerr 2010/04/08 v1.3 Providing info/warning/error messages (HO)
)
(/usr/share/texlive/texmf-dist/tex/generic/oberdiek/ltxcmds.sty
Package: ltxcmds 2011/11/09 v1.22 LaTeX kernel commands for general use (HO)
)
\Gread@gobject=\count99
))
\Gin@req@height=\dimen112
\Gin@req@width=\dimen113
)
(/usr/share/texlive/texmf-dist/tex/latex/amscls/amsthm.sty
Package: amsthm 2004/08/06 v2.20
\thm@style=\toks21
\thm@bodyfont=\toks22
\thm@headfont=\toks23
\thm@notefont=\toks24
\thm@headpunct=\toks25
\thm@preskip=\skip46
\thm@postskip=\skip47
\thm@headsep=\skip48
\dth@everypar=\toks26
)
(/usr/share/texlive/texmf-dist/tex/latex/svg/svg.sty
Package: svg 2012/09/05 v1.0 SVG inclusion and extraction

(/usr/share/texlive/texmf-dist/tex/latex/xkeyval/xkeyval.sty
Package: xkeyval 2012/10/14 v2.6b package option processing (HA)

(/usr/share/texlive/texmf-dist/tex/generic/xkeyval/xkeyval.tex
\XKV@toks=\toks27
\XKV@tempa@toks=\toks28
\XKV@depth=\count100
File: xkeyval.tex 2012/10/14 v2.6b key=value parser (HA)
))
(/usr/share/texlive/texmf-dist/tex/latex/subfig/subfig.sty
Package: subfig 2005/06/28 ver: 1.3 subfig package

(/usr/share/texlive/texmf-dist/tex/latex/caption/caption.sty
Package: caption 2013/05/02 v3.3-89 Customizing captions (AR)

(/usr/share/texlive/texmf-dist/tex/latex/caption/caption3.sty
Package: caption3 2013/05/02 v1.6-88 caption3 kernel (AR)
Package caption3 Info: TeX engine: e-TeX on input line 57.
\captionmargin=\dimen114
\captionmargin@=\dimen115
\captionwidth=\dimen116
\caption@tempdima=\dimen117
\caption@indent=\dimen118
\caption@parindent=\dimen119
\caption@hangindent=\dimen120
)
\c@ContinuedFloat=\count101
)
\c@KVtest=\count102
\sf@farskip=\skip49
\sf@captopadj=\dimen121
\sf@capskip=\skip50
\sf@nearskip=\skip51
\c@subfigure=\count103
\c@subfigure@save=\count104
\c@lofdepth=\count105
\c@subtable=\count106
\c@subtable@save=\count107
\c@lotdepth=\count108
\sf@top=\skip52
\sf@bottom=\skip53
)
(/usr/share/texlive/texmf-dist/tex/latex/import/import.sty
Package: import 2009/03/23  v 5.1
)
(/usr/share/texlive/texmf-dist/tex/latex/oberdiek/transparent.sty
Package: transparent 2007/01/08 v1.0 Transparency via pdfTeX's color stack (HO)


(/usr/share/texlive/texmf-dist/tex/generic/oberdiek/ifpdf.sty
Package: ifpdf 2011/01/30 v2.3 Provides the ifpdf switch (HO)
Package ifpdf Info: pdfTeX in PDF mode is detected.
)
(/usr/share/texlive/texmf-dist/tex/latex/oberdiek/auxhook.sty
Package: auxhook 2011/03/04 v1.3 Hooks for auxiliary files (HO)
))
(/usr/share/texmf/tex/latex/xcolor/xcolor.sty
Package: xcolor 2007/01/21 v2.11 LaTeX color extensions (UK)

(/usr/share/texlive/texmf-dist/tex/latex/latexconfig/color.cfg
File: color.cfg 2007/01/18 v1.5 color configuration of teTeX/TeXLive
)
Package xcolor Info: Driver file: pdftex.def on input line 225.
Package xcolor Info: Model `cmy' substituted by `cmy0' on input line 1337.
Package xcolor Info: Model `hsb' substituted by `rgb' on input line 1341.
Package xcolor Info: Model `RGB' extended on input line 1353.
Package xcolor Info: Model `HTML' substituted by `rgb' on input line 1355.
Package xcolor Info: Model `Hsb' substituted by `hsb' on input line 1356.
Package xcolor Info: Model `tHsb' substituted by `hsb' on input line 1357.
Package xcolor Info: Model `HSB' substituted by `hsb' on input line 1358.
Package xcolor Info: Model `Gray' substituted by `gray' on input line 1359.
Package xcolor Info: Model `wave' substituted by `hsb' on input line 1360.
)
\SVG@out@width=\skip54
\SVG@out@height=\skip55
\c@svgfigure=\count109
)
(/usr/share/texlive/texmf-dist/tex/latex/enumitem/enumitem.sty
Package: enumitem 2011/09/28 v3.5.2 Customized lists
\labelindent=\skip56
\enit@outerparindent=\dimen122
\enit@toks=\toks29
\enit@inbox=\box28
\enitdp@description=\count110
)
(/usr/share/texlive/texmf-dist/tex/latex/float/float.sty
Package: float 2001/11/08 v1.3d Float enhancements (AL)
\c@float@type=\count111
\float@exts=\toks30
\float@box=\box29
\@float@everytoks=\toks31
\@floatcapt=\box30
)
\c@thm=\count112
\c@Def=\count113
\c@lem=\count114
 (./paper.aux)
\openout1 = `paper.aux'.

LaTeX Font Info:    Checking defaults for OML/cmm/m/it on input line 35.
LaTeX Font Info:    ... okay on input line 35.
LaTeX Font Info:    Checking defaults for T1/cmr/m/n on input line 35.
LaTeX Font Info:    ... okay on input line 35.
LaTeX Font Info:    Checking defaults for OT1/cmr/m/n on input line 35.
LaTeX Font Info:    ... okay on input line 35.
LaTeX Font Info:    Checking defaults for OMS/cmsy/m/n on input line 35.
LaTeX Font Info:    ... okay on input line 35.
LaTeX Font Info:    Checking defaults for OMX/cmex/m/n on input line 35.
LaTeX Font Info:    ... okay on input line 35.
LaTeX Font Info:    Checking defaults for U/cmr/m/n on input line 35.
LaTeX Font Info:    ... okay on input line 35.

(/usr/share/texlive/texmf-dist/tex/context/base/supp-pdf.mkii
[Loading MPS to PDF converter (version 2006.09.02).]
\scratchcounter=\count115
\scratchdimen=\dimen123
\scratchbox=\box31
\nofMPsegments=\count116
\nofMParguments=\count117
\everyMPshowfont=\toks32
\MPscratchCnt=\count118
\MPscratchDim=\dimen124
\MPnumerator=\count119
\makeMPintoPDFobject=\count120
\everyMPtoPDFconversion=\toks33
) (/usr/share/texlive/texmf-dist/tex/generic/oberdiek/pdftexcmds.sty
Package: pdftexcmds 2011/11/29 v0.20 Utility functions of pdfTeX for LuaTeX (HO
)

(/usr/share/texlive/texmf-dist/tex/generic/oberdiek/ifluatex.sty
Package: ifluatex 2010/03/01 v1.3 Provides the ifluatex switch (HO)
Package ifluatex Info: LuaTeX not detected.
)
Package pdftexcmds Info: LuaTeX not detected.
Package pdftexcmds Info: \pdf@primitive is available.
Package pdftexcmds Info: \pdf@ifprimitive is available.
Package pdftexcmds Info: \pdfdraftmode found.
)
(/usr/share/texlive/texmf-dist/tex/latex/oberdiek/epstopdf-base.sty
Package: epstopdf-base 2010/02/09 v2.5 Base part for package epstopdf

(/usr/share/texlive/texmf-dist/tex/latex/oberdiek/grfext.sty
Package: grfext 2010/08/19 v1.1 Manage graphics extensions (HO)

(/usr/share/texlive/texmf-dist/tex/generic/oberdiek/kvdefinekeys.sty
Package: kvdefinekeys 2011/04/07 v1.3 Define keys (HO)
))
(/usr/share/texlive/texmf-dist/tex/latex/oberdiek/kvoptions.sty
Package: kvoptions 2011/06/30 v3.11 Key value format for package options (HO)

(/usr/share/texlive/texmf-dist/tex/generic/oberdiek/kvsetkeys.sty
Package: kvsetkeys 2012/04/25 v1.16 Key value parser (HO)

(/usr/share/texlive/texmf-dist/tex/generic/oberdiek/etexcmds.sty
Package: etexcmds 2011/02/16 v1.5 Avoid name clashes with e-TeX commands (HO)
Package etexcmds Info: Could not find \expanded.
(etexcmds)             That can mean that you are not using pdfTeX 1.50 or
(etexcmds)             that some package has redefined \expanded.
(etexcmds)             In the latter case, load this package earlier.
)))
Package grfext Info: Graphics extension search list:
(grfext)             [.png,.pdf,.jpg,.mps,.jpeg,.jbig2,.jb2,.PNG,.PDF,.JPG,.JPE
G,.JBIG2,.JB2,.eps]
(grfext)             \AppendGraphicsExtensions on input line 452.

(/usr/share/texlive/texmf-dist/tex/latex/latexconfig/epstopdf-sys.cfg
File: epstopdf-sys.cfg 2010/07/13 v1.3 Configuration of (r)epstopdf for TeX Liv
e
))
Package caption Info: Begin \AtBeginDocument code.
Package caption Info: subfig package v1.3 is loaded.
Package caption Info: float package is loaded.
Package caption Info: End \AtBeginDocument code.
LaTeX Font Info:    Try loading font information for U+msa on input line 38.

(/usr/share/texlive/texmf-dist/tex/latex/amsfonts/umsa.fd
File: umsa.fd 2013/01/14 v3.01 AMS symbols A
)
LaTeX Font Info:    Try loading font information for U+msb on input line 38.

(/usr/share/texlive/texmf-dist/tex/latex/amsfonts/umsb.fd
File: umsb.fd 2013/01/14 v3.01 AMS symbols B
)
<./images/cubecoverphoto.pdf, id=1, 545.05995pt x 279.53874pt>
File: ./images/cubecoverphoto.pdf Graphic file (type pdf)

<use ./images/cubecoverphoto.pdf>
Package pdftex.def Info: ./images/cubecoverphoto.pdf used on input line 44.
(pdftex.def)             Requested size: 346.89621pt x 177.9146pt.
 (./images/cubecoverphoto.pdf_tex
File: ./images/cubecoverphoto.pdf Graphic file (type pdf)

<use ./images/cubecoverphoto.pdf>
Package pdftex.def Info: ./images/cubecoverphoto.pdf used on input line 52.
(pdftex.def)             Requested size: 346.89621pt x 177.9146pt.
)
Overfull \hbox (1.89621pt too wide) in paragraph at lines 53--44
 [] 
 []

[1

{/var/lib/texmf/fonts/map/pdftex/updmap/pdftex.map} <./images/cubecoverphoto.pd
f>] <images/escher.jpg, id=16, 453.695pt x 301.125pt>
File: images/escher.jpg Graphic file (type jpg)

<use images/escher.jpg>
Package pdftex.def Info: images/escher.jpg used on input line 63.
(pdftex.def)             Requested size: 181.47478pt x 120.44786pt.
 <images/escher2.jpg, id=17, 258.9675pt x 217.5628pt>
File: images/escher2.jpg Graphic file (type jpg)

<use images/escher2.jpg>
Package pdftex.def Info: images/escher2.jpg used on input line 64.
(pdftex.def)             Requested size: 142.43254pt x 119.65991pt.

<./images/cubesxyzpaths2.pdf, id=18, 302.19023pt x 278.84383pt>
File: ./images/cubesxyzpaths2.pdf Graphic file (type pdf)

<use ./images/cubesxyzpaths2.pdf>
Package pdftex.def Info: ./images/cubesxyzpaths2.pdf used on input line 73.
(pdftex.def)             Requested size: 108.405pt x 100.03055pt.
 (./images/cubesxyzpaths2.pdf_tex
File: ./images/cubesxyzpaths2.pdf Graphic file (type pdf)

<use ./images/cubesxyzpaths2.pdf>
Package pdftex.def Info: ./images/cubesxyzpaths2.pdf used on input line 52.
(pdftex.def)             Requested size: 108.405pt x 100.03055pt.
) [2 <./images/escher.jpg> <./images/escher2.jpg>] <./images/vectorplane.pdf, i
d=25, 104.56337pt x 103.64816pt>
File: ./images/vectorplane.pdf Graphic file (type pdf)

<use ./images/vectorplane.pdf>
Package pdftex.def Info: ./images/vectorplane.pdf used on input line 88.
(pdftex.def)             Requested size: 104.5631pt x 103.6479pt.
File: ./images/vectorplane.pdf Graphic file (type pdf)
 <use ./images/vectorplane.pdf>
Package pdftex.def Info: ./images/vectorplane.pdf used on input line 88.
(pdftex.def)             Requested size: 104.5631pt x 103.6479pt.

(./images/vectorplane.pdf_tex
File: ./images/vectorplane.pdf Graphic file (type pdf)
 <use ./images/vectorplane.pdf>
Package pdftex.def Info: ./images/vectorplane.pdf used on input line 52.
(pdftex.def)             Requested size: 104.5631pt x 103.6479pt.
) [3 <./images/cubesxyzpaths2.pdf> <./images/vectorplane.pdf

pdfTeX warning: pdflatex (file ./images/vectorplane.pdf): PDF inclusion: multip
le pdfs with page group included in a single page
>] [4] <./images/cubesxyz.pdf, id=54, 404.15028pt x 539.94778pt>
File: ./images/cubesxyz.pdf Graphic file (type pdf)

<use ./images/cubesxyz.pdf>
Package pdftex.def Info: ./images/cubesxyz.pdf used on input line 126.
(pdftex.def)             Requested size: 144.54pt x 193.10402pt.
 (./images/cubesxyz.pdf_tex
File: ./images/cubesxyz.pdf Graphic file (type pdf)

<use ./images/cubesxyz.pdf>
Package pdftex.def Info: ./images/cubesxyz.pdf used on input line 52.
(pdftex.def)             Requested size: 144.54pt x 193.10402pt.
) <images/label.png, id=55, 61.028pt x 69.861pt>
File: images/label.png Graphic file (type png)

<use images/label.png>
Package pdftex.def Info: images/label.png used on input line 144.
(pdftex.def)             Requested size: 61.02785pt x 69.86081pt.
 [5 <./images/cubesxyz.pdf> <./images/label.png>]
<./images/uprime.pdf, id=63, 340.97833pt x 341.05757pt>
File: ./images/uprime.pdf Graphic file (type pdf)

<use ./images/uprime.pdf>
Package pdftex.def Info: ./images/uprime.pdf used on input line 169.
(pdftex.def)             Requested size: 108.405pt x 108.42767pt.
 (./images/uprime.pdf_tex
File: ./images/uprime.pdf Graphic file (type pdf)
 <use ./images/uprime.pdf>
Package pdftex.def Info: ./images/uprime.pdf used on input line 52.
(pdftex.def)             Requested size: 108.405pt x 108.42767pt.
)
<./images/quotient.pdf, id=64, 159.0476pt x 158.2456pt>
File: ./images/quotient.pdf Graphic file (type pdf)

<use ./images/quotient.pdf>
Package pdftex.def Info: ./images/quotient.pdf used on input line 178.
(pdftex.def)             Requested size: 144.54pt x 143.81055pt.
 (./images/quotient.pdf_tex
File: ./images/quotient.pdf Graphic file (type pdf)

<use ./images/quotient.pdf>
Package pdftex.def Info: ./images/quotient.pdf used on input line 52.
(pdftex.def)             Requested size: 144.54pt x 143.81055pt.
) [6 <./images/uprime.pdf>]
<./images/cubesxyzcut.pdf, id=73, 302.19023pt x 488.36334pt>
File: ./images/cubesxyzcut.pdf Graphic file (type pdf)

<use ./images/cubesxyzcut.pdf>
Package pdftex.def Info: ./images/cubesxyzcut.pdf used on input line 205.
(pdftex.def)             Requested size: 151.76744pt x 245.26903pt.
 (./images/cubesxyzcut.pdf_tex
File: ./images/cubesxyzcut.pdf Graphic file (type pdf)

<use ./images/cubesxyzcut.pdf>
Package pdftex.def Info: ./images/cubesxyzcut.pdf used on input line 52.
(pdftex.def)             Requested size: 151.76744pt x 245.26903pt.
)
<./images/unfoldcut.pdf, id=74, 387.4033pt x 387.4033pt>
File: ./images/unfoldcut.pdf Graphic file (type pdf)

<use ./images/unfoldcut.pdf>
Package pdftex.def Info: ./images/unfoldcut.pdf used on input line 206.
(pdftex.def)             Requested size: 166.2212pt x 166.2255pt.
 (./images/unfoldcut.pdf_tex
File: ./images/unfoldcut.pdf Graphic file (type pdf)

<use ./images/unfoldcut.pdf>
Package pdftex.def Info: ./images/unfoldcut.pdf used on input line 52.
(pdftex.def)             Requested size: 166.2212pt x 166.2255pt.
) [7 <./images/quotient.pdf>] [8 <./images/cubesxyzcut.pdf> <./images/unfoldcut
.pdf

pdfTeX warning: pdflatex (file ./images/unfoldcut.pdf): PDF inclusion: multiple
 pdfs with page group included in a single page
>] [9] <./images/utilda.pdf, id=90, 527.1409pt x 478.48244pt>
File: ./images/utilda.pdf Graphic file (type pdf)

<use ./images/utilda.pdf>
Package pdftex.def Info: ./images/utilda.pdf used on input line 406.
(pdftex.def)             Requested size: 289.07999pt x 262.39954pt.
 (./images/utilda.pdf_tex
File: ./images/utilda.pdf Graphic file (type pdf)
 <use ./images/utilda.pdf>
Package pdftex.def Info: ./images/utilda.pdf used on input line 52.
(pdftex.def)             Requested size: 289.07999pt x 262.39954pt.
)
[10 <./images/utilda.pdf>] [11]
<./images/utildaprime.pdf, id=100, 518.01341pt x 478.30206pt>
File: ./images/utildaprime.pdf Graphic file (type pdf)

<use ./images/utildaprime.pdf>
Package pdftex.def Info: ./images/utildaprime.pdf used on input line 476.
(pdftex.def)             Requested size: 263.78505pt x 243.5659pt.
 (./images/utildaprime.pdf_tex
File: ./images/utildaprime.pdf Graphic file (type pdf)

<use ./images/utildaprime.pdf>
Package pdftex.def Info: ./images/utildaprime.pdf used on input line 52.
(pdftex.def)             Requested size: 263.78505pt x 243.5659pt.
) [12 <./images/utildaprime.pdf>]
<./images/mtilda.pdf, id=106, 518.01341pt x 478.30206pt>
File: ./images/mtilda.pdf Graphic file (type pdf)

<use ./images/mtilda.pdf>
Package pdftex.def Info: ./images/mtilda.pdf used on input line 518.
(pdftex.def)             Requested size: 289.07999pt x 266.92044pt.
 (./images/mtilda.pdf_tex
File: ./images/mtilda.pdf Graphic file (type pdf)
 <use ./images/mtilda.pdf>
Package pdftex.def Info: ./images/mtilda.pdf used on input line 52.
(pdftex.def)             Requested size: 289.07999pt x 266.92044pt.
)
LaTeX Font Info:    Try loading font information for OMS+cmr on input line 519.


(/usr/share/texlive/texmf-dist/tex/latex/base/omscmr.fd
File: omscmr.fd 1999/05/25 v2.5h Standard LaTeX font definitions
)
LaTeX Font Info:    Font shape `OMS/cmr/m/n' in size <10> not available
(Font)              Font shape `OMS/cmsy/m/n' tried instead on input line 519.
 [13] [14 <./images/mtilda.pdf>] <./images/mtildastaircase.pdf, id=117, 570.777
8pt x 489.59322pt>
File: ./images/mtildastaircase.pdf Graphic file (type pdf)

<use ./images/mtildastaircase.pdf>
Package pdftex.def Info: ./images/mtildastaircase.pdf used on input line 530.
(pdftex.def)             Requested size: 289.07999pt x 247.971pt.
 (./images/mtildastaircase.pdf_tex
File: ./images/mtildastaircase.pdf Graphic file (type pdf)

<use ./images/mtildastaircase.pdf>
Package pdftex.def Info: ./images/mtildastaircase.pdf used on input line 52.
(pdftex.def)             Requested size: 289.07999pt x 247.971pt.
) [15 <./images/mtildastaircase.pdf>]
<images/cylinderdecomp.pdf, id=123, 622.97624pt x 499.13217pt>
File: images/cylinderdecomp.pdf Graphic file (type pdf)

<use images/cylinderdecomp.pdf>
Package pdftex.def Info: images/cylinderdecomp.pdf used on input line 558.
(pdftex.def)             Requested size: 289.07999pt x 231.61424pt.


LaTeX Font Warning: Command \small invalid in math mode on input line 563.


LaTeX Font Warning: Command \small invalid in math mode on input line 563.

[16 <./images/cylinderdecomp.pdf>]

LaTeX Font Warning: Command \small invalid in math mode on input line 578.

<./images/cylinderskew.pdf, id=129, 577.10883pt x 432.88582pt>
File: ./images/cylinderskew.pdf Graphic file (type pdf)

<use ./images/cylinderskew.pdf>
Package pdftex.def Info: ./images/cylinderskew.pdf used on input line 582.
(pdftex.def)             Requested size: 187.90244pt x 140.94382pt.
 (./images/cylinderskew.pdf_tex
File: ./images/cylinderskew.pdf Graphic file (type pdf)

<use ./images/cylinderskew.pdf>
Package pdftex.def Info: ./images/cylinderskew.pdf used on input line 52.
(pdftex.def)             Requested size: 187.90244pt x 140.94382pt.
) [17 <./images/cylinderskew.pdf>]
<images/homologyclass.png, id=136, 781.2973pt x 722.7pt>
File: images/homologyclass.png Graphic file (type png)

<use images/homologyclass.png>
Package pdftex.def Info: images/homologyclass.png used on input line 622.
(pdftex.def)             Requested size: 216.81pt x 200.5461pt.
 [18 <./images/homologyclass.png>]
<images/12gon.pdf, id=141, 287.52876pt x 291.45197pt>
File: images/12gon.pdf Graphic file (type pdf)
 <use images/12gon.pdf>
Package pdftex.def Info: images/12gon.pdf used on input line 642.
(pdftex.def)             Requested size: 122.85876pt x 124.53474pt.

<images/12gonHV.pdf, id=142, 287.52876pt x 382.23053pt>
File: images/12gonHV.pdf Graphic file (type pdf)

<use images/12gonHV.pdf>
Package pdftex.def Info: images/12gonHV.pdf used on input line 656.
(pdftex.def)             Requested size: 122.85876pt x 163.3236pt.

Overfull \hbox (86.22116pt too wide) in paragraph at lines 648--659
[]$[]$ $[]$ 
 []

[19 <./images/12gon.pdf> <./images/12gonHV.pdf

pdfTeX warning: pdflatex (file ./images/12gonHV.pdf): PDF inclusion: multiple p
dfs with page group included in a single page
>] <images/12gonR.pdf, id=164, 287.52876pt x 325.25528pt>
File: images/12gonR.pdf Graphic file (type pdf)

<use images/12gonR.pdf>
Package pdftex.def Info: images/12gonR.pdf used on input line 670.
(pdftex.def)             Requested size: 122.85876pt x 138.97858pt.

<./images/12gonA.pdf, id=165, 274.6968pt x 298.38092pt>
File: ./images/12gonA.pdf Graphic file (type pdf)

<use ./images/12gonA.pdf>
Package pdftex.def Info: ./images/12gonA.pdf used on input line 695.
(pdftex.def)             Requested size: 274.69612pt x 298.38017pt.
File: ./images/12gonA.pdf Graphic file (type pdf)
 <use ./images/12gonA.pdf>
Package pdftex.def Info: ./images/12gonA.pdf used on input line 695.
(pdftex.def)             Requested size: 274.69612pt x 298.38017pt.
 (./images/12gonA.pdf_tex
File: ./images/12gonA.pdf Graphic file (type pdf)

<use ./images/12gonA.pdf>
Package pdftex.def Info: ./images/12gonA.pdf used on input line 52.
(pdftex.def)             Requested size: 274.69612pt x 298.38927pt.
Missing character: There is no Î in font cmr10!
Missing character: There is no ³ in font cmr10!
Missing character: There is no Î in font cmr10!
Missing character: There is no ³ in font cmr10!
Missing character: There is no Î in font cmr10!
Missing character: There is no ³ in font cmr10!
Missing character: There is no Î in font cmr10!
Missing character: There is no ³ in font cmr10!
Missing character: There is no Î in font cmr10!
Missing character: There is no ³ in font cmr10!
Missing character: There is no Î in font cmr10!
Missing character: There is no ³ in font cmr10!
Missing character: There is no Î in font cmr10!
Missing character: There is no ³ in font cmr10!
Missing character: There is no Î in font cmr10!
Missing character: There is no ³ in font cmr10!
Missing character: There is no Î in font cmr10!
Missing character: There is no ³ in font cmr10!
Missing character: There is no Î in font cmr10!
Missing character: There is no ³ in font cmr10!
Missing character: There is no Î in font cmr10!
Missing character: There is no ³ in font cmr10!
Missing character: There is no Î in font cmr10!
Missing character: There is no ³ in font cmr10!
) [20 <./images/12gonR.pdf>]
<./images/12gonABexample.pdf, id=171, 340.35767pt x 351.14948pt>
File: ./images/12gonABexample.pdf Graphic file (type pdf)

<use ./images/12gonABexample.pdf>
Package pdftex.def Info: ./images/12gonABexample.pdf used on input line 700.
(pdftex.def)             Requested size: 340.35683pt x 351.1486pt.
File: ./images/12gonABexample.pdf Graphic file (type pdf)
 <use ./images/12gonABexample.pdf>
Package pdftex.def Info: ./images/12gonABexample.pdf used on input line 700.
(pdftex.def)             Requested size: 340.35683pt x 351.1486pt.

(./images/12gonABexample.pdf_tex
File: ./images/12gonABexample.pdf Graphic file (type pdf)
 <use ./images/12gonABexample.pdf>
Package pdftex.def Info: ./images/12gonABexample.pdf used on input line 52.
(pdftex.def)             Requested size: 340.35683pt x 351.15932pt.
) [21 <./images/12gonA.pdf>] [22 <./images/12gonABexample.pdf>]
<./images/slopeonecylinder.pdf, id=183, 1093.15898pt x 497.60907pt>
File: ./images/slopeonecylinder.pdf Graphic file (type pdf)

<use ./images/slopeonecylinder.pdf>
Package pdftex.def Info: ./images/slopeonecylinder.pdf used on input line 743.
(pdftex.def)             Requested size: 325.215pt x 148.03864pt.
 (./images/slopeonecylinder.pdf_tex
File: ./images/slopeonecylinder.pdf Graphic file (type pdf)

<use ./images/slopeonecylinder.pdf>
Package pdftex.def Info: ./images/slopeonecylinder.pdf used on input line 52.
(pdftex.def)             Requested size: 325.215pt x 148.03864pt.
) [23] [24 <./images/slopeonecylinder.pdf>]
<./images/cubesxyzpaths.pdf, id=193, 302.19023pt x 487.23088pt>
File: ./images/cubesxyzpaths.pdf Graphic file (type pdf)

<use ./images/cubesxyzpaths.pdf>
Package pdftex.def Info: ./images/cubesxyzpaths.pdf used on input line 784.
(pdftex.def)             Requested size: 130.08621pt x 209.7431pt.
 (./images/cubesxyzpaths.pdf_tex
File: ./images/cubesxyzpaths.pdf Graphic file (type pdf)

<use ./images/cubesxyzpaths.pdf>
Package pdftex.def Info: ./images/cubesxyzpaths.pdf used on input line 52.
(pdftex.def)             Requested size: 130.08621pt x 209.7431pt.
)
<./images/unfoldcutpath.pdf, id=194, 432.85205pt x 390.31894pt>
File: ./images/unfoldcutpath.pdf Graphic file (type pdf)

<use ./images/unfoldcutpath.pdf>
Package pdftex.def Info: ./images/unfoldcutpath.pdf used on input line 785.
(pdftex.def)             Requested size: 202.35622pt x 182.47318pt.
 (./images/unfoldcutpath.pdf_tex
File: ./images/unfoldcutpath.pdf Graphic file (type pdf)

<use ./images/unfoldcutpath.pdf>
Package pdftex.def Info: ./images/unfoldcutpath.pdf used on input line 52.
(pdftex.def)             Requested size: 202.35622pt x 182.47318pt.
) [25]
<images/z2cover.pdf, id=199, 208.46461pt x 135.07968pt>
File: images/z2cover.pdf Graphic file (type pdf)

<use images/z2cover.pdf>
Package pdftex.def Info: images/z2cover.pdf used on input line 790.
(pdftex.def)             Requested size: 208.4641pt x 135.07935pt.
 [26 <./images/cubesxyzpaths.pdf> <./images/unfoldcutpath.pdf

pdfTeX warning: pdflatex (file ./images/unfoldcutpath.pdf): PDF inclusion: mult
iple pdfs with page group included in a single page
> <./images/z2cover.pdf

pdfTeX warning: pdflatex (file ./images/z2cover.pdf): PDF inclusion: multiple p
dfs with page group included in a single page
>] (./paper.aux) ) 
Here is how much of TeX's memory you used:
 4838 strings out of 495028
 72416 string characters out of 6181497
 144180 words of memory out of 5000000
 7895 multiletter control sequences out of 15000+600000
 17246 words of font info for 65 fonts, out of 8000000 for 9000
 14 hyphenation exceptions out of 8191
 68i,17n,98p,930b,508s stack positions out of 5000i,500n,10000p,200000b,80000s
</usr/share/texlive/texmf-dist/fonts/type1/public/amsfonts/cm
/cmbx10.pfb></usr/share/texlive/texmf-dist/fonts/type1/public/amsfonts/cm/cmbx1
2.pfb></usr/share/texlive/texmf-dist/fonts/type1/public/amsfonts/cm/cmbx9.pfb><
/usr/share/texlive/texmf-dist/fonts/type1/public/amsfonts/cm/cmbxti10.pfb></usr
/share/texlive/texmf-dist/fonts/type1/public/amsfonts/cm/cmex10.pfb></usr/share
/texlive/texmf-dist/fonts/type1/public/amsfonts/cm/cmmi10.pfb></usr/share/texli
ve/texmf-dist/fonts/type1/public/amsfonts/cm/cmmi5.pfb></usr/share/texlive/texm
f-dist/fonts/type1/public/amsfonts/cm/cmmi7.pfb></usr/share/texlive/texmf-dist/
fonts/type1/public/amsfonts/cm/cmmi8.pfb></usr/share/texlive/texmf-dist/fonts/t
ype1/public/amsfonts/cm/cmr10.pfb></usr/share/texlive/texmf-dist/fonts/type1/pu
blic/amsfonts/cm/cmr12.pfb></usr/share/texlive/texmf-dist/fonts/type1/public/am
sfonts/cm/cmr17.pfb></usr/share/texlive/texmf-dist/fonts/type1/public/amsfonts/
cm/cmr5.pfb></usr/share/texlive/texmf-dist/fonts/type1/public/amsfonts/cm/cmr6.
pfb></usr/share/texlive/texmf-dist/fonts/type1/public/amsfonts/cm/cmr7.pfb></us
r/share/texlive/texmf-dist/fonts/type1/public/amsfonts/cm/cmr8.pfb></usr/share/
texlive/texmf-dist/fonts/type1/public/amsfonts/cm/cmr9.pfb></usr/share/texlive/
texmf-dist/fonts/type1/public/amsfonts/cm/cmsy10.pfb></usr/share/texlive/texmf-
dist/fonts/type1/public/amsfonts/cm/cmsy7.pfb></usr/share/texlive/texmf-dist/fo
nts/type1/public/amsfonts/cm/cmti10.pfb></usr/share/texlive/texmf-dist/fonts/ty
pe1/public/amsfonts/symbols/msbm10.pfb></usr/share/texlive/texmf-dist/fonts/typ
e1/public/amsfonts/symbols/msbm7.pfb>
Output written on paper.pdf (26 pages, 628563 bytes).
PDF statistics:
 276 PDF objects out of 1000 (max. 8388607)
 183 compressed objects within 2 object streams
 0 named destinations out of 1000 (max. 500000)
 136 words of extra memory for PDF output out of 10000 (max. 10000000)

