This is pdfTeX, Version 3.1415926-2.5-1.40.14 (TeX Live 2013/Debian) (format=pdftex 2016.12.9)  13 JUN 2017 00:57
entering extended mode
 restricted \write18 enabled.
 %&-line parsing enabled.
**branch.svg
(./branch.svg
Overfull \hbox (48.74608pt too wide) in paragraph at lines 1--3
[]\tenrm <?xml ver-sion="1.0" encoding="UTF-8" stan-dalone="no"?> <!-- Cre-ated
 with Inkscape (http://www.inkscape.org/)|

\hbox(7.5+2.5)x469.75499, glue set - 1.0
.\hbox(0.0+0.0)x20.0
.\tenrm <
.\tenrm ?
.\tenrm x
.\tenrm m
.etc.

! You can't use `macro parameter character #' in horizontal mode.
l.6    xmlns:cc="http://creativecommons.org/ns#
                                               "
? 
! You can't use `macro parameter character #' in horizontal mode.
l.7 ...http://www.w3.org/1999/02/22-rdf-syntax-ns#
                                                  "
? 
! You can't use `macro parameter character #' in horizontal mode.
l.33            style="fill:none;stroke:#
                                         000000;stroke-width:0.80000001;stro...

? 
! Interruption.
<to be read again> 
                   0
l.33            style="fill:none;stroke:#0
                                          00000;stroke-width:0.80000001;stro...

? 
! You can't use `macro parameter character #' in horizontal mode.
l.38            style="fill:none;stroke:#
                                         000000;stroke-width:0.80000001;stro...

? ''
Type <return> to proceed, S to scroll future error messages,
R to run without stopping, Q to run quietly,
I to insert something, E to edit your file,
1 or ... or 9 to ignore the next 1 to 9 tokens of input,
H for help, X to quit.
? 
! Interruption.
<to be read again> 
                   0
l.38            style="fill:none;stroke:#0
                                          00000;stroke-width:0.80000001;stro...

? 
! You can't use `macro parameter character #' in horizontal mode.
l.43            style="fill:none;stroke:#
                                         000000;stroke-width:0.80000001;stro...

? 
! You can't use `macro parameter character #' in horizontal mode.
l.48            style="fill:none;stroke:#
                                         000000;stroke-width:0.80000001;stro...

? x
No pages of output.
PDF statistics:
 0 PDF objects out of 1000 (max. 8388607)
 0 named destinations out of 1000 (max. 500000)
 1 words of extra memory for PDF output out of 10000 (max. 10000000)

